<?xml version="1.0" encoding="UTF-8"?>
<!-- Generated by org.testng.reporters.JUnitReportReporter -->
<testsuite skipped="0" hostname="DESKTOP-N308L1J" name="test.LoginTest" tests="1" failures="0" timestamp="04 Dec 2021 17:46:05 GMT" time="12.670" errors="0">
  <testcase name="validUserShouldBeAbleToLogin" time="12.670" classname="test.LoginTest"/>
</testsuite> <!-- test.LoginTest -->
