<?xml version="1.0" encoding="UTF-8"?>
<!-- Generated by org.testng.reporters.JUnitReportReporter -->
<testsuite skipped="0" hostname="DESKTOP-N308L1J" name="test.AddCustomerTest" tests="1" failures="0" timestamp="04 Dec 2021 20:02:57 GMT" time="29.193" errors="0">
  <testcase name="validUserShouldBeAbleToAddCustomer" time="29.193" classname="test.AddCustomerTest"/>
</testsuite> <!-- test.AddCustomerTest -->
